# JRE version: OpenJDK Runtime Environment (7.0-b01) (build 1.7.0-u40-unofficial-b1)
# Java VM: OpenJDK 64-Bit Server VM (24.0-b50 mixed mode windows-amd64 compressed oops)
Heap
 PSYoungGen      total 76800K, used 14987K [0x00000007c1000000, 0x00000007c6580000, 0x0000000800000000)
  eden space 66048K, 18% used [0x00000007c1000000,0x00000007c1c11480,0x00000007c5080000)
  from space 10752K, 24% used [0x00000007c5b00000,0x00000007c5d91990,0x00000007c6580000)
  to   space 10752K, 0% used [0x00000007c5080000,0x00000007c5080000,0x00000007c5b00000)
 ParOldGen       total 174080K, used 8K [0x0000000743000000, 0x000000074da00000, 0x00000007c1000000)
  object space 174080K, 0% used [0x0000000743000000,0x0000000743002000,0x000000074da00000)
 PSPermGen       total 21504K, used 7992K [0x0000000738a00000, 0x0000000739f00000, 0x0000000743000000)
  object space 21504K, 37% used [0x0000000738a00000,0x00000007391ce080,0x0000000739f00000)
GC Heap History (4 events):
Event: 29.540 GC heap before
{Heap before GC invocations=1 (full 0):
 PSYoungGen      total 76800K, used 66048K [0x00000007c1000000, 0x00000007c6580000, 0x0000000800000000)
  eden space 66048K, 100% used [0x00000007c1000000,0x00000007c5080000,0x00000007c5080000)
  from space 10752K, 0% used [0x00000007c5b00000,0x00000007c5b00000,0x00000007c6580000)
  to   space 10752K, 0% used [0x00000007c5080000,0x00000007c5080000,0x00000007c5b00000)
 ParOldGen       total 174080K, used 0K [0x0000000743000000, 0x000000074da00000, 0x00000007c1000000)
  object space 174080K, 0% used [0x0000000743000000,0x0000000743000000,0x000000074da00000)
 PSPermGen       total 21504K, used 7986K [0x0000000738a00000, 0x0000000739f00000, 0x0000000743000000)
  object space 21504K, 37% used [0x0000000738a00000,0x00000007391cc8c0,0x0000000739f00000)
Event: 29.546 GC heap after
Heap after GC invocations=1 (full 0):
 PSYoungGen      total 76800K, used 4627K [0x00000007c1000000, 0x00000007c6580000, 0x0000000800000000)
  eden space 66048K, 0% used [0x00000007c1000000,0x00000007c1000000,0x00000007c5080000)
  from space 10752K, 43% used [0x00000007c5080000,0x00000007c5504f70,0x00000007c5b00000)
  to   space 10752K, 0% used [0x00000007c5b00000,0x00000007c5b00000,0x00000007c6580000)
 ParOldGen       total 174080K, used 8K [0x0000000743000000, 0x000000074da00000, 0x00000007c1000000)
  object space 174080K, 0% used [0x0000000743000000,0x0000000743002000,0x000000074da00000)
 PSPermGen       total 21504K, used 7986K [0x0000000738a00000, 0x0000000739f00000, 0x0000000743000000)
  object space 21504K, 37% used [0x0000000738a00000,0x00000007391cc8c0,0x0000000739f00000)
}
Event: 67.814 GC heap before
{Heap before GC invocations=2 (full 0):
 PSYoungGen      total 76800K, used 70675K [0x00000007c1000000, 0x00000007c6580000, 0x0000000800000000)
  eden space 66048K, 100% used [0x00000007c1000000,0x00000007c5080000,0x00000007c5080000)
  from space 10752K, 43% used [0x00000007c5080000,0x00000007c5504f70,0x00000007c5b00000)
  to   space 10752K, 0% used [0x00000007c5b00000,0x00000007c5b00000,0x00000007c6580000)
 ParOldGen       total 174080K, used 8K [0x0000000743000000, 0x000000074da00000, 0x00000007c1000000)
  object space 174080K, 0% used [0x0000000743000000,0x0000000743002000,0x000000074da00000)
 PSPermGen       total 21504K, used 7986K [0x0000000738a00000, 0x0000000739f00000, 0x0000000743000000)
  object space 21504K, 37% used [0x0000000738a00000,0x00000007391cc8c0,0x0000000739f00000)
Event: 67.816 GC heap after
Heap after GC invocations=2 (full 0):
 PSYoungGen      total 76800K, used 2630K [0x00000007c1000000, 0x00000007c6580000, 0x0000000800000000)
  eden space 66048K, 0% used [0x00000007c1000000,0x00000007c1000000,0x00000007c5080000)
  from space 10752K, 24% used [0x00000007c5b00000,0x00000007c5d91990,0x00000007c6580000)
  to   space 10752K, 0% used [0x00000007c5080000,0x00000007c5080000,0x00000007c5b00000)
 ParOldGen       total 174080K, used 8K [0x0000000743000000, 0x000000074da00000, 0x00000007c1000000)
  object space 174080K, 0% used [0x0000000743000000,0x0000000743002000,0x000000074da00000)
 PSPermGen       total 21504K, used 7986K [0x0000000738a00000, 0x0000000739f00000, 0x0000000743000000)
  object space 21504K, 37% used [0x0000000738a00000,0x00000007391cc8c0,0x0000000739f00000)
}

